INFO: kbplacer_plugin_action.py:73: Plugin version: 0.15
INFO: kbplacer_plugin_action.py:74: Python version: '3.11.5 (main, Nov  6 2025, 07:48:09) [MSC v.1944 64 bit (AMD64)]'
INFO: kbplacer_plugin_action.py:75: KiCad version: 9.0.7 with 4.2.2 msw (phoenix) wxWidgets 3.2.8
INFO: kbplacer_dialog.py:689: Language: en
INFO: kbplacer_plugin_action.py:83: GUI state: {"layout_path": "", "key_distance": [19.05, 19.05], "key_info": {"annotation_format": "SW{}", "position_option": "Default", "position": {"x": 0.0, "y": 0.0, "orientation": 0.0, "side": "Back"}, "template_path": "", "start_index": 1}, "enable_diode_placement": true, "route_switches_with_diodes": true, "optimize_diodes_orientation": false, "diode_info": {"annotation_format": "D{}", "position_option": "Default", "position": {"x": 5.08, "y": 3.03, "orientation": 90.0, "side": "Back"}, "template_path": "", "start_index": -1}, "additional_elements": [{"annotation_format": "ST{}", "position_option": "Custom", "position": {"x": 0.0, "y": 0.0, "orientation": 0.0, "side": "Front"}, "template_path": "", "start_index": -1}], "route_rows_and_columns": true, "template_path": "", "generate_outline": false, "outline_delta": 0.0}
WARNING: key_placer.py:134: Unexpected switch net position detected, each switch should have two unique nets unambiguously defining position in key matrix, switch-by-matrix association can't be used
DEBUG: key_placer.py:141: Switches by nets: {}
DEBUG: key_placer.py:145: Diodes by switch: {}
INFO: key_placer.py:1123: Diode info: [ElementInfo(annotation_format='D{}', position_option=<PositionOption.DEFAULT: 'Default'>, position=ElementPosition(x=5.08, y=3.03, orientation=90.0, side=<Side.BACK: 'Back'>), template_path='', start_index=-1)]
DEBUG: board_modifier.py:107: Getting SW5 footprint position: (122850000, 54100000)
DEBUG: board_modifier.py:107: Getting SW6 footprint position: (103750000, 31140000)
DEBUG: key_placer.py:887: Placing additional elements for SW6
DEBUG: board_modifier.py:107: Getting SW6 footprint position: (103750000, 31140000)
DEBUG: board_modifier.py:84: Searching for optional ST6 footprint in C:/Users/ACER/Documents/KeebSchema/3rd testing/3rd testing.kicad_pcb
DEBUG: board_modifier.py:89: Footprint not found
DEBUG: key_placer.py:887: Placing additional elements for SW5
DEBUG: board_modifier.py:107: Getting SW5 footprint position: (122850000, 54100000)
DEBUG: board_modifier.py:84: Searching for optional ST5 footprint in C:/Users/ACER/Documents/KeebSchema/3rd testing/3rd testing.kicad_pcb
DEBUG: board_modifier.py:89: Footprint not found
INFO: key_placer.py:514: Removing dangling tracks
